{
  "stats": {
    "suites": 1,
    "tests": 2,
    "passes": 2,
    "pending": 0,
    "failures": 0,
    "start": "2025-04-17T06:05:26.047Z",
    "end": "2025-04-17T06:06:04.876Z",
    "duration": 38829,
    "testsRegistered": 2,
    "passPercent": 100,
    "pendingPercent": 0,
    "other": 0,
    "hasOther": false,
    "skipped": 0,
    "hasSkipped": false
  },
  "results": [
    {
      "uuid": "70b87662-1570-427b-b8dd-accf7ff896a6",
      "title": "",
      "fullFile": "C:\\Users\\User\\Desktop\\mochaweb\\tests\\test-sauce.js",
      "file": "\\tests\\test-sauce.js",
      "beforeHooks": [],
      "afterHooks": [],
      "tests": [],
      "suites": [
        {
          "uuid": "f48d4df8-81c9-43d3-a332-1e312ca1b8e7",
          "title": "Login & Sort",
          "fullFile": "C:\\Users\\User\\Desktop\\mochaweb\\tests\\test-sauce.js",
          "file": "\\tests\\test-sauce.js",
          "beforeHooks": [
            {
              "title": "\"before each\" hook in \"Login & Sort\"",
              "fullTitle": "Login & Sort \"before each\" hook in \"Login & Sort\"",
              "timedOut": false,
              "duration": 30847,
              "state": null,
              "speed": null,
              "pass": false,
              "fail": false,
              "pending": false,
              "context": null,
              "code": "let options = new chrome.Options();\n// options.addArguments(\"--headless\");\ndriver = await new Builder().forBrowser('chrome').setChromeOptions(options).build();\nawait driver.get('http://www.saucedemo.com');\nconst title = await driver.getTitle();\n\n//assert: memastikan object sama persis\nassert.strictEqual(title, 'Swag Labs');\n\n//input\n// let inputUsername= await driver.findElement(By.xpath('//*[@id=\"user-name\"]'))\nlet inputUsernamePOM = await driver.findElement(page_login.inputUsername)\nlet inputPasswordPOM = await driver.findElement(page_login.inputPassword)\nlet buttonLoginPOM = await driver.findElement(page_login.buttonLogin)\nawait inputUsernamePOM.sendKeys('standard_user')\nawait inputPasswordPOM.sendKeys('secret_sauce')\nawait buttonLoginPOM.click()\n//assert: text dalam element benar\nlet textAppLogo = await driver.findElement(By.className('app_logo'))\nlet logotext = await textAppLogo.getText()\nlet sortProduct = await driver.findElement(By.css('[data-test=\"product-sort-container\"]'))\nassert.strictEqual(logotext, 'Swag Labs')       \nawait sortProduct.click()",
              "err": {},
              "uuid": "b4835bb0-7d58-409e-8267-d1766933870a",
              "parentUUID": "f48d4df8-81c9-43d3-a332-1e312ca1b8e7",
              "isHook": true,
              "skipped": false
            }
          ],
          "afterHooks": [
            {
              "title": "\"after each\" hook in \"Login & Sort\"",
              "fullTitle": "Login & Sort \"after each\" hook in \"Login & Sort\"",
              "timedOut": false,
              "duration": 2103,
              "state": null,
              "speed": null,
              "pass": false,
              "fail": false,
              "pending": false,
              "context": null,
              "code": "await driver.sleep(2000);\nawait driver.quit();",
              "err": {},
              "uuid": "ea4cf688-f392-4d8e-b979-1a52ca06dd81",
              "parentUUID": "f48d4df8-81c9-43d3-a332-1e312ca1b8e7",
              "isHook": true,
              "skipped": false
            }
          ],
          "tests": [
            {
              "title": "Sort Z-A",
              "fullTitle": "Login & Sort Sort Z-A",
              "timedOut": false,
              "duration": 566,
              "state": "passed",
              "speed": "slow",
              "pass": true,
              "fail": false,
              "pending": false,
              "context": null,
              "code": "//Urut produk Z-A\nlet sortText = await driver.findElement(By.css('[value=\"za\"]'))\nawait sortText.click()\nlet textActiveOption = await driver.findElement(By.className('active_option'))\nlet optionText = await textActiveOption.getText()\nassert.strictEqual(optionText, 'Name (Z to A)') \n\n//screenshot keadaan layar sekarang ke current.png\nlet screenshot = await driver.takeScreenshot();\nlet imgBuffer = Buffer.from(screenshot, \"base64\");\nfs.writeFileSync(\"current.png\", imgBuffer);\n//ambil baseline untuk compare, jika belum ada maka current.png dijadikan baseline\nif(!fs.existsSync(\"baseline.png\")){\n    fs.copyFileSync(\"current.png\", \"baseline.png\");\n    console.log(\"Baseline image saved\");\n}\n//compare baseline.png dengan current.png\nlet img1 = PNG.sync.read(fs.readFileSync(\"baseline.png\"));\nlet img2 = PNG.sync.read(fs.readFileSync(\"current.png\"));\nlet { width, height } = img1;\nlet diff = new PNG({ width, height});\nlet numDiffPixels = pixelmatch(img1.data, img2.data, diff.data, width, height, { threshold: 0.1});\nfs.writeFileSync(\"diff.png\", PNG.sync.write(diff));\nif(numDiffPixels > 0){\n    console.log(`Visual difference found, different: ${numDiffPixels}`);\n}else{\n    console.log(\"No visual difference found.\");\n}",
              "err": {},
              "uuid": "b0b020db-2124-4ff9-a9ab-3ab4903dc057",
              "parentUUID": "f48d4df8-81c9-43d3-a332-1e312ca1b8e7",
              "isHook": false,
              "skipped": false
            },
            {
              "title": "Sort Low-High",
              "fullTitle": "Login & Sort Sort Low-High",
              "timedOut": false,
              "duration": 110,
              "state": "passed",
              "speed": "slow",
              "pass": true,
              "fail": false,
              "pending": false,
              "context": null,
              "code": "//Urut produk Z-A\nlet sortText = await driver.findElement(By.css('[value=\"lohi\"]'))\nawait sortText.click()\nlet textActiveOption = await driver.findElement(By.className('active_option'))\nlet optionText = await textActiveOption.getText()\nassert.strictEqual(optionText, 'Price (low to high)')",
              "err": {},
              "uuid": "d48344ad-a37b-4a8d-b226-fc0cb3f0b6cf",
              "parentUUID": "f48d4df8-81c9-43d3-a332-1e312ca1b8e7",
              "isHook": false,
              "skipped": false
            }
          ],
          "suites": [],
          "passes": [
            "b0b020db-2124-4ff9-a9ab-3ab4903dc057",
            "d48344ad-a37b-4a8d-b226-fc0cb3f0b6cf"
          ],
          "failures": [],
          "pending": [],
          "skipped": [],
          "duration": 676,
          "root": false,
          "rootEmpty": false,
          "_timeout": 60000
        }
      ],
      "passes": [],
      "failures": [],
      "pending": [],
      "skipped": [],
      "duration": 0,
      "root": true,
      "rootEmpty": true,
      "_timeout": 60000
    }
  ],
  "meta": {
    "mocha": {
      "version": "10.8.2"
    },
    "mochawesome": {
      "options": {
        "quiet": false,
        "reportFilename": "mochawesome",
        "saveHtml": true,
        "saveJson": true,
        "consoleReporter": "spec",
        "useInlineDiffs": false,
        "code": true
      },
      "version": "7.1.3"
    },
    "marge": {
      "options": null,
      "version": "6.2.0"
    }
  }
}